c:\users\артем\source\repos\clusterize\clusterize\debug\vc141.pdb
c:\users\артем\source\repos\clusterize\clusterize\debug\vc141.idb
c:\users\артем\source\repos\clusterize\clusterize\debug\point.obj
c:\users\артем\source\repos\clusterize\clusterize\debug\main.obj
c:\users\артем\source\repos\clusterize\clusterize\debug\leave.obj
c:\users\артем\source\repos\clusterize\clusterize\debug\cluster.obj
c:\users\артем\source\repos\clusterize\clusterize\debug\branch.obj
c:\users\артем\source\repos\clusterize\debug\clusterize.ilk
c:\users\артем\source\repos\clusterize\debug\clusterize.exe
c:\users\артем\source\repos\clusterize\debug\clusterize.pdb
c:\users\артем\source\repos\clusterize\clusterize\debug\clusterize.tlog\cl.command.1.tlog
c:\users\артем\source\repos\clusterize\clusterize\debug\clusterize.tlog\cl.read.1.tlog
c:\users\артем\source\repos\clusterize\clusterize\debug\clusterize.tlog\cl.write.1.tlog
c:\users\артем\source\repos\clusterize\clusterize\debug\clusterize.tlog\link.11452-cvtres.read.1.tlog
c:\users\артем\source\repos\clusterize\clusterize\debug\clusterize.tlog\link.11452-cvtres.write.1.tlog
c:\users\артем\source\repos\clusterize\clusterize\debug\clusterize.tlog\link.11452-rc.read.1.tlog
c:\users\артем\source\repos\clusterize\clusterize\debug\clusterize.tlog\link.11452-rc.write.1.tlog
c:\users\артем\source\repos\clusterize\clusterize\debug\clusterize.tlog\link.11452.read.1.tlog
c:\users\артем\source\repos\clusterize\clusterize\debug\clusterize.tlog\link.11452.write.1.tlog
c:\users\артем\source\repos\clusterize\clusterize\debug\clusterize.tlog\link.command.1.tlog
c:\users\артем\source\repos\clusterize\clusterize\debug\clusterize.tlog\link.read.1.tlog
c:\users\артем\source\repos\clusterize\clusterize\debug\clusterize.tlog\link.write.1.tlog
