  main.cpp
c:\users\артем\source\repos\clusterize\clusterize\cluster.h(67): error C2676: бинарный "+": "std::_List_iterator<std::_List_val<std::_List_simple_types<_Ty>>>" не определяет этот оператор или преобразование к типу приемлемо к встроенному оператору
          with
          [
              _Ty=Cluster<Point> *
          ]
  c:\users\артем\source\repos\clusterize\clusterize\cluster.h(55): note: при компиляции функции-члена "<Нет данных>" класса класс <Нет данных>
  c:\users\артем\source\repos\clusterize\clusterize\main.cpp(48): note: выполняется компиляция ссылки на экземпляр шаблон функции "Cluster<Point> *Cluster<Point>::clusterize(std::list<Point,std::allocator<_Ty>>)"
          with
          [
              _Ty=Point
          ]
  c:\users\артем\source\repos\clusterize\clusterize\main.cpp(48): note: выполняется компиляция ссылки на экземпляр шаблон класс "Cluster<Point>"
c:\users\артем\source\repos\clusterize\clusterize\cluster.h(68): error C2676: бинарный "+": "std::_List_iterator<std::_List_val<std::_List_simple_types<_Ty>>>" не определяет этот оператор или преобразование к типу приемлемо к встроенному оператору
          with
          [
              _Ty=Cluster<Point> *
          ]
c:\users\артем\source\repos\clusterize\clusterize\cluster.h(68): error C3536: j: не может использоваться до инициализации
c:\users\артем\source\repos\clusterize\clusterize\cluster.h(68): error C2678: бинарный "!=": не найден оператор, принимающий левый операнд типа "int" (или приемлемое преобразование отсутствует)
  c:\program files (x86)\microsoft visual studio\2017\community\vc\tools\msvc\14.15.26726\include\exception(336): note: может быть "bool std::operator !=(const std::exception_ptr &,const std::exception_ptr &) noexcept" [найдено при поиске с зависимостью от аргументов]
  c:\program files (x86)\microsoft visual studio\2017\community\vc\tools\msvc\14.15.26726\include\exception(341): note: или       "bool std::operator !=(std::nullptr_t,const std::exception_ptr &) noexcept" [найдено при поиске с зависимостью от аргументов]
  c:\program files (x86)\microsoft visual studio\2017\community\vc\tools\msvc\14.15.26726\include\exception(346): note: или       "bool std::operator !=(const std::exception_ptr &,std::nullptr_t) noexcept" [найдено при поиске с зависимостью от аргументов]
  c:\program files (x86)\microsoft visual studio\2017\community\vc\tools\msvc\14.15.26726\include\system_error(291): note: или       "bool std::operator !=(const std::error_code &,const std::error_code &) noexcept" [найдено при поиске с зависимостью от аргументов]
  c:\program files (x86)\microsoft visual studio\2017\community\vc\tools\msvc\14.15.26726\include\system_error(296): note: или       "bool std::operator !=(const std::error_code &,const std::error_condition &) noexcept" [найдено при поиске с зависимостью от аргументов]
  c:\program files (x86)\microsoft visual studio\2017\community\vc\tools\msvc\14.15.26726\include\system_error(301): note: или       "bool std::operator !=(const std::error_condition &,const std::error_code &) noexcept" [найдено при поиске с зависимостью от аргументов]
  c:\program files (x86)\microsoft visual studio\2017\community\vc\tools\msvc\14.15.26726\include\system_error(306): note: или       "bool std::operator !=(const std::error_condition &,const std::error_condition &) noexcept" [найдено при поиске с зависимостью от аргументов]
  c:\users\артем\source\repos\clusterize\clusterize\cluster.h(68): note: при попытке сопоставить список аргументов "(int, std::_List_iterator<std::_List_val<std::_List_simple_types<_Ty>>>)"
          with
          [
              _Ty=Cluster<Point> *
          ]
c:\users\артем\source\repos\clusterize\clusterize\cluster.h(69): error C2100: недопустимое косвенное обращение
c:\users\артем\source\repos\clusterize\clusterize\cluster.h(69): error C2839: недопустимый возвращаемый тип "Cluster<Point> **" для перегруженного "operator ->"
c:\users\артем\source\repos\clusterize\clusterize\cluster.h(69): error C2039: mid: не является членом "std::_List_iterator<std::_List_val<std::_List_simple_types<_Ty>>>"
          with
          [
              _Ty=Cluster<Point> *
          ]
  c:\program files (x86)\microsoft visual studio\2017\community\vc\tools\msvc\14.15.26726\include\list(457): note:  см. объявление "std::_List_iterator<std::_List_val<std::_List_simple_types<_Ty>>>"
          with
          [
              _Ty=Cluster<Point> *
          ]
c:\users\артем\source\repos\clusterize\clusterize\cluster.h(69): error C2660: Point::Distance: функция не принимает 1 аргументов
  c:\users\артем\source\repos\clusterize\clusterize\point.h(17): note:  см. объявление "Point::Distance"
